[debug] [2022-03-04T19:48:48.011Z] ----------------------------------------------------------------------
[debug] [2022-03-04T19:48:48.012Z] Command:       C:\Program Files\nodejs\node.exe C:\Users\asus\AppData\Roaming\npm\node_modules\firebase-tools\lib\bin\firebase.js init hosting
[debug] [2022-03-04T19:48:48.012Z] CLI Version:   10.2.2
[debug] [2022-03-04T19:48:48.012Z] Platform:      win32
[debug] [2022-03-04T19:48:48.012Z] Node Version:  v16.13.1
[debug] [2022-03-04T19:48:48.013Z] Time:          Sat Mar 05 2022 01:18:48 GMT+0530 (India Standard Time)
[debug] [2022-03-04T19:48:48.013Z] ----------------------------------------------------------------------
[debug] 
[debug] [2022-03-04T19:48:48.055Z] > command requires scopes: ["email","openid","https://www.googleapis.com/auth/cloudplatformprojects.readonly","https://www.googleapis.com/auth/firebase","https://www.googleapis.com/auth/cloud-platform"]
[debug] [2022-03-04T19:48:48.055Z] > authorizing via signed-in user (rushilkoundal1611@gmail.com)
[info] 
     ######## #### ########  ######## ########     ###     ######  ########
     ##        ##  ##     ## ##       ##     ##  ##   ##  ##       ##
     ######    ##  ########  ######   ########  #########  ######  ######
     ##        ##  ##    ##  ##       ##     ## ##     ##       ## ##
     ##       #### ##     ## ######## ########  ##     ##  ######  ########

You're about to initialize a Firebase project in this directory:

  C:\rkStuff\react\dashboard

Before we get started, keep in mind:

  * You are currently outside your home directory
  * You are initializing within an existing Firebase project directory

